<?xml version="1.0" encoding="UTF-8" ?>
<testsuites name="vitest tests" tests="26" failures="3" errors="0" time="15949.732">
    <testsuite name="tests/bde003-core-proposals.test.ts" timestamp="2024-06-04T20:44:56.000Z" hostname="mikes-macbook" tests="9" failures="2" errors="0" skipped="0" time="0.207">
        <testcase classname="tests/bde003-core-proposals.test.ts" name="bde003-core-proposals sunset tests &gt; construct - bootstrap proposal sets core team" time="0.037">
        </testcase>
        <testcase classname="tests/bde003-core-proposals.test.ts" name="bde003-core-proposals sunset tests &gt; core-propose - core proposals can only be proposed by a core team member" time="0.017">
        </testcase>
        <testcase classname="tests/bde003-core-proposals.test.ts" name="bde003-core-proposals sunset tests &gt; core-propose - sunset height is 0 by default" time="0.016">
        </testcase>
        <testcase classname="tests/bde003-core-proposals.test.ts" name="bde003-core-proposals sunset tests &gt; core-propose - can only be proposed by a core team member" time="0.02">
        </testcase>
        <testcase classname="tests/bde003-core-proposals.test.ts" name="bde003-core-proposals sunset tests &gt; core-propose - can only be proposed by core team member" time="0.019">
        </testcase>
        <testcase classname="tests/bde003-core-proposals.test.ts" name="bde003-core-proposals sunset tests &gt; core-propose - cannot be proposed twice by the same team member" time="0.021">
        </testcase>
        <testcase classname="tests/bde003-core-proposals.test.ts" name="bde003-core-proposals sunset tests &gt; core-propose - cannot propose an already executed proposal" time="0.021">
        </testcase>
        <testcase classname="tests/bde003-core-proposals.test.ts" name="bde003-core-proposals sunset tests &gt; core-propose - can set new sunset height" time="0.03">
            <failure message="Tx result failed. Expected OK, received ERR 1." type="Error">
Error: Tx result failed. Expected OK, received ERR 1.
 ❯ c node_modules/@clarigen/test/src/events.ts:131:8
 ❯ Proxy.F node_modules/@clarigen/test/src/index.ts:56:3
 ❯ tests/bde003-core-proposals.test.ts:93:21
            </failure>
        </testcase>
        <testcase classname="tests/bde003-core-proposals.test.ts" name="bde003-core-proposals sunset tests &gt; core-propose - cannot execute proposals after sunset" time="0.022">
            <failure message="Tx result failed. Expected OK, received ERR 1." type="Error">
Error: Tx result failed. Expected OK, received ERR 1.
 ❯ c node_modules/@clarigen/test/src/events.ts:131:8
 ❯ Proxy.F node_modules/@clarigen/test/src/index.ts:56:3
 ❯ tests/bde003-core-proposals.test.ts:115:16
            </failure>
        </testcase>
    </testsuite>
    <testsuite name="tests/bde004-core-execute.test.ts" timestamp="2024-06-04T20:44:56.005Z" hostname="mikes-macbook" tests="9" failures="0" errors="0" skipped="0" time="0.154">
        <testcase classname="tests/bde004-core-execute.test.ts" name="bde004-core-execute sunset tests &gt; construct - bootstrap proposal sets executive core team" time="0.018">
        </testcase>
        <testcase classname="tests/bde004-core-execute.test.ts" name="bde004-core-execute sunset tests &gt; executive-action - can only be signalled by a core executive team member" time="0.015">
        </testcase>
        <testcase classname="tests/bde004-core-execute.test.ts" name="bde004-core-execute sunset tests &gt; executive-action - sunset height is 0 by default" time="0.014">
        </testcase>
        <testcase classname="tests/bde004-core-execute.test.ts" name="bde004-core-execute sunset tests &gt; executive-action - can only be signalled by a core executive team member" time="0.017">
        </testcase>
        <testcase classname="tests/bde004-core-execute.test.ts" name="bde004-core-execute sunset tests &gt; executive-action - can only be signalled by executive team member" time="0.018">
        </testcase>
        <testcase classname="tests/bde004-core-execute.test.ts" name="bde004-core-execute sunset tests &gt; executive-action - cannot be signalled twice by the same team member" time="0.017">
        </testcase>
        <testcase classname="tests/bde004-core-execute.test.ts" name="bde004-core-execute sunset tests &gt; executive-action - cannot execute an already executed proposal" time="0.018">
        </testcase>
        <testcase classname="tests/bde004-core-execute.test.ts" name="bde004-core-execute sunset tests &gt; executive-action - can set new sunset height" time="0.018">
        </testcase>
        <testcase classname="tests/bde004-core-execute.test.ts" name="bde004-core-execute sunset tests &gt; executive-action - cannot execute proposals after sunset" time="0.019">
        </testcase>
    </testsuite>
    <testsuite name="tests/bitcoin-dao.test.ts" timestamp="2024-06-04T20:44:56.008Z" hostname="mikes-macbook" tests="6" failures="1" errors="0" skipped="0" time="0.068">
        <testcase classname="tests/bitcoin-dao.test.ts" name="BitcoinDAO error tests &gt; execute cannot be called by non dao principal" time="0.008">
        </testcase>
        <testcase classname="tests/bitcoin-dao.test.ts" name="BitcoinDAO error tests &gt; request-extension-callback cannot be called by unapproved extensions" time="0.008">
        </testcase>
        <testcase classname="tests/bitcoin-dao.test.ts" name="BitcoinDAO error tests &gt; construct can only be called by contract deployer" time="0.007">
        </testcase>
        <testcase classname="tests/bitcoin-dao.test.ts" name="BitcoinDAO error tests &gt; isExtension returns false" time="0.008">
        </testcase>
        <testcase classname="tests/bitcoin-dao.test.ts" name="BitcoinDAO construction tests &gt; construct sets deployer to self" time="0.015">
        </testcase>
        <testcase classname="tests/bitcoin-dao.test.ts" name="BitcoinDAO construction tests &gt; construct executes and mints governance token" time="0.021">
            <failure message="expected 0n to deeply equal 1000n" type="AssertionError">
AssertionError: expected 0n to deeply equal 1000n

- Expected
+ Received

- 1000n
+ 0n

 ❯ tests/bitcoin-dao.test.ts:60:23
            </failure>
        </testcase>
    </testsuite>
    <testsuite name="tests/bde020-resource-payments-manager.test.ts" timestamp="2024-06-04T20:44:56.011Z" hostname="mikes-macbook" tests="2" failures="0" errors="0" skipped="0" time="0.033">
        <testcase classname="tests/bde020-resource-payments-manager.test.ts" name="bde020-resource-payments-manager setup &gt; construct - bootstrap proposal sets resource manager extensions" time="0.017">
        </testcase>
        <testcase classname="tests/bde020-resource-payments-manager.test.ts" name="bde020-resource-payments-manager managing resources &gt; add-resource - can only be added by the dao" time="0.015">
        </testcase>
    </testsuite>
</testsuites>
